-------------------------------------------------------------------------------
Test set: br.guilherme.beecrowd.MainTest
-------------------------------------------------------------------------------
Tests run: 1, Failures: 1, Errors: 0, Skipped: 0, Time elapsed: 0.059 s <<< FAILURE! - in br.guilherme.beecrowd.MainTest
when_Sum_Then_Result  Time elapsed: 0.049 s  <<< FAILURE!
org.opentest4j.AssertionFailedError: expected: <10> but was: <1>
	at br.guilherme.beecrowd.MainTest.when_Sum_Then_Result(MainTest.java:22)

