<?xml version="1.0" encoding="UTF-8"?>
<testsuite xmlns:xsi="http://www.w3.org/2001/XMLSchema-instance" xsi:noNamespaceSchemaLocation="https://maven.apache.org/surefire/maven-surefire-plugin/xsd/surefire-test-report.xsd" name="br.guilherme.beecrowd.MainTest" time="0.059" tests="1" errors="0" skipped="0" failures="1">
  <properties>
[...]
</properties>
  <testcase name="when_Sum_Then_Result" classname="br.guilherme.beecrowd.MainTest" time="0.049">
    <failure message="expected: &lt;10&gt; but was: &lt;1&gt;" type="org.opentest4j.AssertionFailedError"><![CDATA[org.opentest4j.AssertionFailedError: expected: <10> but was: <1>
	at br.guilherme.beecrowd.MainTest.when_Sum_Then_Result(MainTest.java:22)
]]></failure>
  </testcase>
</testsuite>